
--------------------------------------------------
TXLib предупреждает:

Программа: D:\Ucheba\C_Progs\Summer_School\Quadratic_Solver\main.exe,

ВНЕЗАПНО: Недопустимая операция с плавающей точкой.

#1: Исключение EXCEPTION_FLT_INVALID_OPERATION (0xC0000090) при выполнении кода по адресу 0x004016D1 в функции linear_solver() в модуле D:\Ucheba\C_Progs\Summer_School\Quadratic_Solver\main.exe. Спасибо _txVectoredExceptionHandler(), что сообщил. Люблю его <3

#1: TXLib [Ver: 00173a, Rev: 172, Date: 2023-08-12 11:12:24 +0400], Instance: 0x004F42F4 (32-bit), Flags: Cmdre0, Thread: 0x27BC (Main). 

--------------------------------------------------
Стек вызовов:

# 0 0x004016D1 in D:\Ucheba\C_Progs\Summer_School\Quadratic_Solver\main.exe: linear_solver()
# 1 0x00401733 in D:\Ucheba\C_Progs\Summer_School\Quadratic_Solver\main.exe: quadratic_solver()
# 2 0x004014B2 in D:\Ucheba\C_Progs\Summer_School\Quadratic_Solver\main.exe: main()

--------------------------------------------------
Developed with:

The Dumb Artist Library (TX Library)
TXLib [Ver: 00173a, Rev: 172, Date: 2023-08-12 11:12:24 +0400]
Copyright (C) Ded (Ilya Dedinsky, http://txlib.ru) <mail@txlib.ru>
See license on: http://txlib.ru

TXLib file:	C:\TX\TXLib.h
Compiled:	Aug 22 2023 14:19:52, GNU g++ 4.8.1, std=201103L, MinGW Runtime 3.20, 32-bit, Debug
Started:	Aug 22 2023 14:21:59

Run file:	D:\Ucheba\C_Progs\Summer_School\Quadratic_Solver\main.exe
Directory:	D:\Ucheba\C_Progs\Summer_School\Quadratic_Solver

--------------------------------------------------

--------------------------------------------------
TXLib соболезнует...

Программа: D:\Ucheba\C_Progs\Summer_School\Quadratic_Solver\main.exe,

ВНЕЗАПНО: signal (8, 0x00): SIGFPE: Грубая ошибка в вычислениях. 

Недопустимая операция с плавающей точкой.

#1: Исключение EXCEPTION_FLT_INVALID_OPERATION (0xC0000090) при выполнении кода по адресу 0x004016D1 в функции linear_solver() в модуле D:\Ucheba\C_Progs\Summer_School\Quadratic_Solver\main.exe. Спасибо _txVectoredExceptionHandler(), что сообщил. Люблю его <3

С помощью функции signal() вы можете сами обработать эту ошибку.

#2: TXLib [Ver: 00173a, Rev: 172, Date: 2023-08-12 11:12:24 +0400], Instance: 0x004F42F4 (32-bit), Flags: Cmdre0, Thread: 0x27BC (Main). 

--------------------------------------------------
Стек вызовов:

# 0 0x004016D1 in D:\Ucheba\C_Progs\Summer_School\Quadratic_Solver\main.exe: linear_solver()
# 1 0x00401733 in D:\Ucheba\C_Progs\Summer_School\Quadratic_Solver\main.exe: quadratic_solver()
# 2 0x004014B2 in D:\Ucheba\C_Progs\Summer_School\Quadratic_Solver\main.exe: main()

--------------------------------------------------
Developed with:

The Dumb Artist Library (TX Library)
TXLib [Ver: 00173a, Rev: 172, Date: 2023-08-12 11:12:24 +0400]
Copyright (C) Ded (Ilya Dedinsky, http://txlib.ru) <mail@txlib.ru>
See license on: http://txlib.ru

TXLib file:	C:\TX\TXLib.h
Compiled:	Aug 22 2023 14:19:52, GNU g++ 4.8.1, std=201103L, MinGW Runtime 3.20, 32-bit, Debug
Started:	Aug 22 2023 14:21:59

Run file:	D:\Ucheba\C_Progs\Summer_School\Quadratic_Solver\main.exe
Directory:	D:\Ucheba\C_Progs\Summer_School\Quadratic_Solver

--------------------------------------------------

--------------------------------------------------
TXLib предупреждает:

Программа: D:\Ucheba\C_Progs\Summer_School\Quadratic_Solver\main.exe,

ВНЕЗАПНО: Недопустимая операция с плавающей точкой.

#1: Исключение EXCEPTION_FLT_INVALID_OPERATION (0xC0000090) при выполнении кода по адресу 0x004016D1 в функции linear_solver() в модуле D:\Ucheba\C_Progs\Summer_School\Quadratic_Solver\main.exe. Спасибо _txVectoredExceptionHandler(), что сообщил. Люблю его <3

#1: TXLib [Ver: 00173a, Rev: 172, Date: 2023-08-12 11:12:24 +0400], Instance: 0x004F42F4 (32-bit), Flags: Cmdre0, Thread: 0x2B50 (Main). 

--------------------------------------------------
Стек вызовов:

# 0 0x004016D1 in D:\Ucheba\C_Progs\Summer_School\Quadratic_Solver\main.exe: linear_solver()
# 1 0x00401733 in D:\Ucheba\C_Progs\Summer_School\Quadratic_Solver\main.exe: quadratic_solver()
# 2 0x004014B2 in D:\Ucheba\C_Progs\Summer_School\Quadratic_Solver\main.exe: main()

--------------------------------------------------
Developed with:

The Dumb Artist Library (TX Library)
TXLib [Ver: 00173a, Rev: 172, Date: 2023-08-12 11:12:24 +0400]
Copyright (C) Ded (Ilya Dedinsky, http://txlib.ru) <mail@txlib.ru>
See license on: http://txlib.ru

TXLib file:	C:\TX\TXLib.h
Compiled:	Aug 22 2023 14:19:52, GNU g++ 4.8.1, std=201103L, MinGW Runtime 3.20, 32-bit, Debug
Started:	Aug 22 2023 14:22:59

Run file:	D:\Ucheba\C_Progs\Summer_School\Quadratic_Solver\main.exe
Directory:	D:\Ucheba\C_Progs\Summer_School\Quadratic_Solver

--------------------------------------------------

--------------------------------------------------
TXLib соболезнует...

Программа: D:\Ucheba\C_Progs\Summer_School\Quadratic_Solver\main.exe,

ВНЕЗАПНО: signal (8, 0x00): SIGFPE: Грубая ошибка в вычислениях. 

Недопустимая операция с плавающей точкой.

#1: Исключение EXCEPTION_FLT_INVALID_OPERATION (0xC0000090) при выполнении кода по адресу 0x004016D1 в функции linear_solver() в модуле D:\Ucheba\C_Progs\Summer_School\Quadratic_Solver\main.exe. Спасибо _txVectoredExceptionHandler(), что сообщил. Люблю его <3

С помощью функции signal() вы можете сами обработать эту ошибку.

#2: TXLib [Ver: 00173a, Rev: 172, Date: 2023-08-12 11:12:24 +0400], Instance: 0x004F42F4 (32-bit), Flags: Cmdre0, Thread: 0x2B50 (Main). 

--------------------------------------------------
Стек вызовов:

# 0 0x004016D1 in D:\Ucheba\C_Progs\Summer_School\Quadratic_Solver\main.exe: linear_solver()
# 1 0x00401733 in D:\Ucheba\C_Progs\Summer_School\Quadratic_Solver\main.exe: quadratic_solver()
# 2 0x004014B2 in D:\Ucheba\C_Progs\Summer_School\Quadratic_Solver\main.exe: main()

--------------------------------------------------
Developed with:

The Dumb Artist Library (TX Library)
TXLib [Ver: 00173a, Rev: 172, Date: 2023-08-12 11:12:24 +0400]
Copyright (C) Ded (Ilya Dedinsky, http://txlib.ru) <mail@txlib.ru>
See license on: http://txlib.ru

TXLib file:	C:\TX\TXLib.h
Compiled:	Aug 22 2023 14:19:52, GNU g++ 4.8.1, std=201103L, MinGW Runtime 3.20, 32-bit, Debug
Started:	Aug 22 2023 14:22:59

Run file:	D:\Ucheba\C_Progs\Summer_School\Quadratic_Solver\main.exe
Directory:	D:\Ucheba\C_Progs\Summer_School\Quadratic_Solver

--------------------------------------------------

--------------------------------------------------
TXLib предупреждает:

Программа: D:\Ucheba\C_Progs\Summer_School\Quadratic_Solver\main.exe,

ВНЕЗАПНО: Недопустимая операция с плавающей точкой.

#1: Исключение EXCEPTION_FLT_INVALID_OPERATION (0xC0000090) при выполнении кода по адресу 0x004016D1 в функции linear_solver() в модуле D:\Ucheba\C_Progs\Summer_School\Quadratic_Solver\main.exe. Спасибо _txVectoredExceptionHandler(), что сообщил. Люблю его <3

#1: TXLib [Ver: 00173a, Rev: 172, Date: 2023-08-12 11:12:24 +0400], Instance: 0x004F42F4 (32-bit), Flags: Cmdre0, Thread: 0x37AC (Main). 

--------------------------------------------------
Стек вызовов:

# 0 0x004016D1 in D:\Ucheba\C_Progs\Summer_School\Quadratic_Solver\main.exe: linear_solver()
# 1 0x00401733 in D:\Ucheba\C_Progs\Summer_School\Quadratic_Solver\main.exe: quadratic_solver()
# 2 0x004014B2 in D:\Ucheba\C_Progs\Summer_School\Quadratic_Solver\main.exe: main()

--------------------------------------------------
Developed with:

The Dumb Artist Library (TX Library)
TXLib [Ver: 00173a, Rev: 172, Date: 2023-08-12 11:12:24 +0400]
Copyright (C) Ded (Ilya Dedinsky, http://txlib.ru) <mail@txlib.ru>
See license on: http://txlib.ru

TXLib file:	C:\TX\TXLib.h
Compiled:	Aug 22 2023 14:24:03, GNU g++ 4.8.1, std=201103L, MinGW Runtime 3.20, 32-bit, Debug
Started:	Aug 22 2023 14:24:18

Run file:	D:\Ucheba\C_Progs\Summer_School\Quadratic_Solver\main.exe
Directory:	D:\Ucheba\C_Progs\Summer_School\Quadratic_Solver

--------------------------------------------------

--------------------------------------------------
TXLib соболезнует...

Программа: D:\Ucheba\C_Progs\Summer_School\Quadratic_Solver\main.exe,

ВНЕЗАПНО: signal (8, 0x00): SIGFPE: Грубая ошибка в вычислениях. 

Недопустимая операция с плавающей точкой.

#1: Исключение EXCEPTION_FLT_INVALID_OPERATION (0xC0000090) при выполнении кода по адресу 0x004016D1 в функции linear_solver() в модуле D:\Ucheba\C_Progs\Summer_School\Quadratic_Solver\main.exe. Спасибо _txVectoredExceptionHandler(), что сообщил. Люблю его <3

С помощью функции signal() вы можете сами обработать эту ошибку.

#2: TXLib [Ver: 00173a, Rev: 172, Date: 2023-08-12 11:12:24 +0400], Instance: 0x004F42F4 (32-bit), Flags: Cmdre0, Thread: 0x37AC (Main). 

--------------------------------------------------
Стек вызовов:

# 0 0x004016D1 in D:\Ucheba\C_Progs\Summer_School\Quadratic_Solver\main.exe: linear_solver()
# 1 0x00401733 in D:\Ucheba\C_Progs\Summer_School\Quadratic_Solver\main.exe: quadratic_solver()
# 2 0x004014B2 in D:\Ucheba\C_Progs\Summer_School\Quadratic_Solver\main.exe: main()

--------------------------------------------------
Developed with:

The Dumb Artist Library (TX Library)
TXLib [Ver: 00173a, Rev: 172, Date: 2023-08-12 11:12:24 +0400]
Copyright (C) Ded (Ilya Dedinsky, http://txlib.ru) <mail@txlib.ru>
See license on: http://txlib.ru

TXLib file:	C:\TX\TXLib.h
Compiled:	Aug 22 2023 14:24:03, GNU g++ 4.8.1, std=201103L, MinGW Runtime 3.20, 32-bit, Debug
Started:	Aug 22 2023 14:24:18

Run file:	D:\Ucheba\C_Progs\Summer_School\Quadratic_Solver\main.exe
Directory:	D:\Ucheba\C_Progs\Summer_School\Quadratic_Solver

--------------------------------------------------

--------------------------------------------------
TXLib предупреждает:

Программа: D:\Ucheba\C_Progs\Summer_School\Quadratic_Solver\main.exe,

ВНЕЗАПНО: Недопустимая операция с плавающей точкой.

#1: Исключение EXCEPTION_FLT_INVALID_OPERATION (0xC0000090) при выполнении кода по адресу 0x004016D1 в функции linear_solver() в модуле D:\Ucheba\C_Progs\Summer_School\Quadratic_Solver\main.exe. Спасибо _txVectoredExceptionHandler(), что сообщил. Люблю его <3

#1: TXLib [Ver: 00173a, Rev: 172, Date: 2023-08-12 11:12:24 +0400], Instance: 0x004F42F4 (32-bit), Flags: Cmdre0, Thread: 0x3CE0 (Main). 

--------------------------------------------------
Стек вызовов:

# 0 0x004016D1 in D:\Ucheba\C_Progs\Summer_School\Quadratic_Solver\main.exe: linear_solver()
# 1 0x00401733 in D:\Ucheba\C_Progs\Summer_School\Quadratic_Solver\main.exe: quadratic_solver()
# 2 0x004014B2 in D:\Ucheba\C_Progs\Summer_School\Quadratic_Solver\main.exe: main()

--------------------------------------------------
Developed with:

The Dumb Artist Library (TX Library)
TXLib [Ver: 00173a, Rev: 172, Date: 2023-08-12 11:12:24 +0400]
Copyright (C) Ded (Ilya Dedinsky, http://txlib.ru) <mail@txlib.ru>
See license on: http://txlib.ru

TXLib file:	C:\TX\TXLib.h
Compiled:	Aug 22 2023 14:34:01, GNU g++ 4.8.1, std=201103L, MinGW Runtime 3.20, 32-bit, Debug
Started:	Aug 22 2023 15:25:39

Run file:	D:\Ucheba\C_Progs\Summer_School\Quadratic_Solver\main.exe
Directory:	D:\Ucheba\C_Progs\Summer_School\Quadratic_Solver

--------------------------------------------------

--------------------------------------------------
TXLib соболезнует...

Программа: D:\Ucheba\C_Progs\Summer_School\Quadratic_Solver\main.exe,

ВНЕЗАПНО: signal (8, 0x00): SIGFPE: Грубая ошибка в вычислениях. 

Недопустимая операция с плавающей точкой.

#1: Исключение EXCEPTION_FLT_INVALID_OPERATION (0xC0000090) при выполнении кода по адресу 0x004016D1 в функции linear_solver() в модуле D:\Ucheba\C_Progs\Summer_School\Quadratic_Solver\main.exe. Спасибо _txVectoredExceptionHandler(), что сообщил. Люблю его <3

С помощью функции signal() вы можете сами обработать эту ошибку.

#2: TXLib [Ver: 00173a, Rev: 172, Date: 2023-08-12 11:12:24 +0400], Instance: 0x004F42F4 (32-bit), Flags: Cmdre0, Thread: 0x3CE0 (Main). 

--------------------------------------------------
Стек вызовов:

# 0 0x004016D1 in D:\Ucheba\C_Progs\Summer_School\Quadratic_Solver\main.exe: linear_solver()
# 1 0x00401733 in D:\Ucheba\C_Progs\Summer_School\Quadratic_Solver\main.exe: quadratic_solver()
# 2 0x004014B2 in D:\Ucheba\C_Progs\Summer_School\Quadratic_Solver\main.exe: main()

--------------------------------------------------
Developed with:

The Dumb Artist Library (TX Library)
TXLib [Ver: 00173a, Rev: 172, Date: 2023-08-12 11:12:24 +0400]
Copyright (C) Ded (Ilya Dedinsky, http://txlib.ru) <mail@txlib.ru>
See license on: http://txlib.ru

TXLib file:	C:\TX\TXLib.h
Compiled:	Aug 22 2023 14:34:01, GNU g++ 4.8.1, std=201103L, MinGW Runtime 3.20, 32-bit, Debug
Started:	Aug 22 2023 15:25:39

Run file:	D:\Ucheba\C_Progs\Summer_School\Quadratic_Solver\main.exe
Directory:	D:\Ucheba\C_Progs\Summer_School\Quadratic_Solver

--------------------------------------------------

--------------------------------------------------
TXLib соболезнует...

Программа: D:\Ucheba\C_Progs\Summer_School\Quadratic_Solver\main.exe, файл: quad_solver.cpp, строка: 40, функция: int get_coefs(double*, double*, double*),

Сообщение: ВНЕЗАПНО: Логическая ошибка: Неверно, что "a_ptr == b_ptr".

#1: TXLib [Ver: 00173a, Rev: 172, Date: 2023-08-12 11:12:24 +0400], Instance: 0x004F52F4 (32-bit), Flags: Cmdre0, Thread: 0x47F0 (Main). 

--------------------------------------------------
Стек вызовов:

# 0 0x00401851 in D:\Ucheba\C_Progs\Summer_School\Quadratic_Solver\main.exe: get_coefs()
# 1 0x0040156A in D:\Ucheba\C_Progs\Summer_School\Quadratic_Solver\main.exe: request_coefs()
# 2 0x00401424 in D:\Ucheba\C_Progs\Summer_School\Quadratic_Solver\main.exe: main()

--------------------------------------------------
Developed with:

The Dumb Artist Library (TX Library)
TXLib [Ver: 00173a, Rev: 172, Date: 2023-08-12 11:12:24 +0400]
Copyright (C) Ded (Ilya Dedinsky, http://txlib.ru) <mail@txlib.ru>
See license on: http://txlib.ru

TXLib file:	C:\TX\TXLib.h
Compiled:	Aug 22 2023 17:09:28, GNU g++ 4.8.1, std=201103L, MinGW Runtime 3.20, 32-bit, Debug
Started:	Aug 22 2023 17:09:41

Run file:	D:\Ucheba\C_Progs\Summer_School\Quadratic_Solver\main.exe
Directory:	D:\Ucheba\C_Progs\Summer_School\Quadratic_Solver

--------------------------------------------------

--------------------------------------------------
TXLib предупреждает:

Программа: D:\Ucheba\C_Progs\Summer_School\Quadratic_Solver\main.exe,

ВНЕЗАПНО: Нарушение доступа к памяти.

#1: Исключение EXCEPTION_ACCESS_VIOLATION (0xC0000005) при выполнении кода по адресу 0x7544DE70 в функции strcmp(). Попытка прочесть данные по адресу NULL в модуле C:\Windows\System32\msvcrt.dll. Спасибо _txVectoredExceptionHandler(), что сообщил. Люблю его <3

#1: TXLib [Ver: 00173a, Rev: 172, Date: 2023-08-12 11:12:24 +0400], Instance: 0x004F52F4 (32-bit), Flags: Cmdre0, Thread: 0x413C (Main). 

--------------------------------------------------
Стек вызовов:

# 0 0x7544DE70 in C:\Windows\System32\msvcrt.dll: strcmp()
# 1 0x0040127D in D:\Ucheba\C_Progs\Summer_School\Quadratic_Solver\main.exe: __mingw_CRTStartup()
# 2 0x004012A5 in D:\Ucheba\C_Progs\Summer_School\Quadratic_Solver\main.exe: mainCRTStartup()
# 3 0x7761B79B in C:\Windows\SYSTEM32\ntdll.dll: RtlInitializeExceptionChain()
# 4 0x7761B71F in C:\Windows\SYSTEM32\ntdll.dll: RtlClearBits()

--------------------------------------------------
Developed with:

The Dumb Artist Library (TX Library)
TXLib [Ver: 00173a, Rev: 172, Date: 2023-08-12 11:12:24 +0400]
Copyright (C) Ded (Ilya Dedinsky, http://txlib.ru) <mail@txlib.ru>
See license on: http://txlib.ru

TXLib file:	C:\TX\TXLib.h
Compiled:	Aug 23 2023 13:53:16, GNU g++ 4.8.1, std=201103L, MinGW Runtime 3.20, 32-bit, Debug
Started:	Aug 23 2023 13:54:43

Run file:	D:\Ucheba\C_Progs\Summer_School\Quadratic_Solver\main.exe
Directory:	D:\Ucheba\C_Progs\Summer_School\Quadratic_Solver

--------------------------------------------------

--------------------------------------------------
TXLib соболезнует...

Программа: D:\Ucheba\C_Progs\Summer_School\Quadratic_Solver\main.exe,

ВНЕЗАПНО: signal (11, 0x00): SIGSEGV: Доступ по неверному указателю. Ставьте ассерты! 

Нарушение доступа к памяти.

#1: Исключение EXCEPTION_ACCESS_VIOLATION (0xC0000005) при выполнении кода по адресу 0x7544DE70 в функции strcmp(). Попытка прочесть данные по адресу NULL в модуле C:\Windows\System32\msvcrt.dll. Спасибо _txVectoredExceptionHandler(), что сообщил. Люблю его <3

С помощью функции signal() вы можете сами обработать эту ошибку.

#2: TXLib [Ver: 00173a, Rev: 172, Date: 2023-08-12 11:12:24 +0400], Instance: 0x004F52F4 (32-bit), Flags: Cmdre0, Thread: 0x413C (Main). 

--------------------------------------------------
Стек вызовов:

# 0 0x7544DE70 in C:\Windows\System32\msvcrt.dll: strcmp()
# 1 0x0040127D in D:\Ucheba\C_Progs\Summer_School\Quadratic_Solver\main.exe: __mingw_CRTStartup()
# 2 0x004012A5 in D:\Ucheba\C_Progs\Summer_School\Quadratic_Solver\main.exe: mainCRTStartup()
# 3 0x7761B79B in C:\Windows\SYSTEM32\ntdll.dll: RtlInitializeExceptionChain()
# 4 0x7761B71F in C:\Windows\SYSTEM32\ntdll.dll: RtlClearBits()

--------------------------------------------------
Developed with:

The Dumb Artist Library (TX Library)
TXLib [Ver: 00173a, Rev: 172, Date: 2023-08-12 11:12:24 +0400]
Copyright (C) Ded (Ilya Dedinsky, http://txlib.ru) <mail@txlib.ru>
See license on: http://txlib.ru

TXLib file:	C:\TX\TXLib.h
Compiled:	Aug 23 2023 13:53:16, GNU g++ 4.8.1, std=201103L, MinGW Runtime 3.20, 32-bit, Debug
Started:	Aug 23 2023 13:54:43

Run file:	D:\Ucheba\C_Progs\Summer_School\Quadratic_Solver\main.exe
Directory:	D:\Ucheba\C_Progs\Summer_School\Quadratic_Solver

--------------------------------------------------

--------------------------------------------------
TXLib предупреждает:

Программа: D:\Ucheba\C_Progs\Summer_School\Quadratic_Solver\main.exe,

ВНЕЗАПНО: Нарушение доступа к памяти.

#1: Исключение EXCEPTION_ACCESS_VIOLATION (0xC0000005) при выполнении кода по адресу 0x7544DE70 в функции strcmp(). Попытка прочесть данные по адресу NULL в модуле C:\Windows\System32\msvcrt.dll. Спасибо _txVectoredExceptionHandler(), что сообщил. Люблю его <3

#1: TXLib [Ver: 00173a, Rev: 172, Date: 2023-08-12 11:12:24 +0400], Instance: 0x004F52F4 (32-bit), Flags: Cmdre0, Thread: 0x2A14 (Main). 

--------------------------------------------------
Стек вызовов:

# 0 0x7544DE70 in C:\Windows\System32\msvcrt.dll: strcmp()
# 1 0x0040127D in D:\Ucheba\C_Progs\Summer_School\Quadratic_Solver\main.exe: __mingw_CRTStartup()
# 2 0x004012A5 in D:\Ucheba\C_Progs\Summer_School\Quadratic_Solver\main.exe: mainCRTStartup()
# 3 0x7761B79B in C:\Windows\SYSTEM32\ntdll.dll: RtlInitializeExceptionChain()
# 4 0x7761B71F in C:\Windows\SYSTEM32\ntdll.dll: RtlClearBits()

--------------------------------------------------
Developed with:

The Dumb Artist Library (TX Library)
TXLib [Ver: 00173a, Rev: 172, Date: 2023-08-12 11:12:24 +0400]
Copyright (C) Ded (Ilya Dedinsky, http://txlib.ru) <mail@txlib.ru>
See license on: http://txlib.ru

TXLib file:	C:\TX\TXLib.h
Compiled:	Aug 23 2023 21:57:22, GNU g++ 4.8.1, std=201103L, MinGW Runtime 3.20, 32-bit, Debug
Started:	Aug 24 2023 02:28:59

Run file:	D:\Ucheba\C_Progs\Summer_School\Quadratic_Solver\main.exe
Directory:	D:\Ucheba\C_Progs\Summer_School\Quadratic_Solver

--------------------------------------------------

--------------------------------------------------
TXLib соболезнует...

Программа: D:\Ucheba\C_Progs\Summer_School\Quadratic_Solver\main.exe,

ВНЕЗАПНО: signal (11, 0x00): SIGSEGV: Доступ по неверному указателю. Ставьте ассерты! 

Нарушение доступа к памяти.

#1: Исключение EXCEPTION_ACCESS_VIOLATION (0xC0000005) при выполнении кода по адресу 0x7544DE70 в функции strcmp(). Попытка прочесть данные по адресу NULL в модуле C:\Windows\System32\msvcrt.dll. Спасибо _txVectoredExceptionHandler(), что сообщил. Люблю его <3

С помощью функции signal() вы можете сами обработать эту ошибку.

#2: TXLib [Ver: 00173a, Rev: 172, Date: 2023-08-12 11:12:24 +0400], Instance: 0x004F52F4 (32-bit), Flags: Cmdre0, Thread: 0x2A14 (Main). 

--------------------------------------------------
Стек вызовов:

# 0 0x7544DE70 in C:\Windows\System32\msvcrt.dll: strcmp()
# 1 0x0040127D in D:\Ucheba\C_Progs\Summer_School\Quadratic_Solver\main.exe: __mingw_CRTStartup()
# 2 0x004012A5 in D:\Ucheba\C_Progs\Summer_School\Quadratic_Solver\main.exe: mainCRTStartup()
# 3 0x7761B79B in C:\Windows\SYSTEM32\ntdll.dll: RtlInitializeExceptionChain()
# 4 0x7761B71F in C:\Windows\SYSTEM32\ntdll.dll: RtlClearBits()

--------------------------------------------------
Developed with:

The Dumb Artist Library (TX Library)
TXLib [Ver: 00173a, Rev: 172, Date: 2023-08-12 11:12:24 +0400]
Copyright (C) Ded (Ilya Dedinsky, http://txlib.ru) <mail@txlib.ru>
See license on: http://txlib.ru

TXLib file:	C:\TX\TXLib.h
Compiled:	Aug 23 2023 21:57:22, GNU g++ 4.8.1, std=201103L, MinGW Runtime 3.20, 32-bit, Debug
Started:	Aug 24 2023 02:28:59

Run file:	D:\Ucheba\C_Progs\Summer_School\Quadratic_Solver\main.exe
Directory:	D:\Ucheba\C_Progs\Summer_School\Quadratic_Solver

--------------------------------------------------

--------------------------------------------------
TXLib предупреждает:

Программа: D:\Ucheba\C_Progs\Summer_School\Quadratic_Solver\main.exe,

ВНЕЗАПНО: Нарушение доступа к памяти.

#1: Исключение EXCEPTION_ACCESS_VIOLATION (0xC0000005) при выполнении кода по адресу 0x7544DE70 в функции strcmp(). Попытка прочесть данные по адресу NULL в модуле C:\Windows\System32\msvcrt.dll. Спасибо _txVectoredExceptionHandler(), что сообщил. Люблю его <3

#1: TXLib [Ver: 00173a, Rev: 172, Date: 2023-08-12 11:12:24 +0400], Instance: 0x004F52F4 (32-bit), Flags: Cmdre0, Thread: 0x3B7C (Main). 

--------------------------------------------------
Стек вызовов:

# 0 0x7544DE70 in C:\Windows\System32\msvcrt.dll: strcmp()
# 1 0x0040127D in D:\Ucheba\C_Progs\Summer_School\Quadratic_Solver\main.exe: __mingw_CRTStartup()
# 2 0x004012A5 in D:\Ucheba\C_Progs\Summer_School\Quadratic_Solver\main.exe: mainCRTStartup()
# 3 0x7761B79B in C:\Windows\SYSTEM32\ntdll.dll: RtlInitializeExceptionChain()
# 4 0x7761B71F in C:\Windows\SYSTEM32\ntdll.dll: RtlClearBits()

--------------------------------------------------
Developed with:

The Dumb Artist Library (TX Library)
TXLib [Ver: 00173a, Rev: 172, Date: 2023-08-12 11:12:24 +0400]
Copyright (C) Ded (Ilya Dedinsky, http://txlib.ru) <mail@txlib.ru>
See license on: http://txlib.ru

TXLib file:	C:\TX\TXLib.h
Compiled:	Aug 23 2023 21:57:22, GNU g++ 4.8.1, std=201103L, MinGW Runtime 3.20, 32-bit, Debug
Started:	Aug 24 2023 02:30:03

Run file:	D:\Ucheba\C_Progs\Summer_School\Quadratic_Solver\main.exe
Directory:	D:\Ucheba\C_Progs\Summer_School\Quadratic_Solver

--------------------------------------------------

--------------------------------------------------
TXLib соболезнует...

Программа: D:\Ucheba\C_Progs\Summer_School\Quadratic_Solver\main.exe,

ВНЕЗАПНО: signal (11, 0x00): SIGSEGV: Доступ по неверному указателю. Ставьте ассерты! 

Нарушение доступа к памяти.

#1: Исключение EXCEPTION_ACCESS_VIOLATION (0xC0000005) при выполнении кода по адресу 0x7544DE70 в функции strcmp(). Попытка прочесть данные по адресу NULL в модуле C:\Windows\System32\msvcrt.dll. Спасибо _txVectoredExceptionHandler(), что сообщил. Люблю его <3

С помощью функции signal() вы можете сами обработать эту ошибку.

#2: TXLib [Ver: 00173a, Rev: 172, Date: 2023-08-12 11:12:24 +0400], Instance: 0x004F52F4 (32-bit), Flags: Cmdre0, Thread: 0x3B7C (Main). 

--------------------------------------------------
Стек вызовов:

# 0 0x7544DE70 in C:\Windows\System32\msvcrt.dll: strcmp()
# 1 0x0040127D in D:\Ucheba\C_Progs\Summer_School\Quadratic_Solver\main.exe: __mingw_CRTStartup()
# 2 0x004012A5 in D:\Ucheba\C_Progs\Summer_School\Quadratic_Solver\main.exe: mainCRTStartup()
# 3 0x7761B79B in C:\Windows\SYSTEM32\ntdll.dll: RtlInitializeExceptionChain()
# 4 0x7761B71F in C:\Windows\SYSTEM32\ntdll.dll: RtlClearBits()

--------------------------------------------------
Developed with:

The Dumb Artist Library (TX Library)
TXLib [Ver: 00173a, Rev: 172, Date: 2023-08-12 11:12:24 +0400]
Copyright (C) Ded (Ilya Dedinsky, http://txlib.ru) <mail@txlib.ru>
See license on: http://txlib.ru

TXLib file:	C:\TX\TXLib.h
Compiled:	Aug 23 2023 21:57:22, GNU g++ 4.8.1, std=201103L, MinGW Runtime 3.20, 32-bit, Debug
Started:	Aug 24 2023 02:30:03

Run file:	D:\Ucheba\C_Progs\Summer_School\Quadratic_Solver\main.exe
Directory:	D:\Ucheba\C_Progs\Summer_School\Quadratic_Solver

--------------------------------------------------

--------------------------------------------------
TXLib предупреждает:

Программа: D:\Ucheba\C_Progs\Summer_School\Quadratic_Solver\main.exe,

ВНЕЗАПНО: Нарушение доступа к памяти.

#1: Исключение EXCEPTION_ACCESS_VIOLATION (0xC0000005) при выполнении кода по адресу 0x7544DE70 в функции strcmp(). Попытка прочесть данные по адресу NULL в модуле C:\Windows\System32\msvcrt.dll. Спасибо _txVectoredExceptionHandler(), что сообщил. Люблю его <3

#1: TXLib [Ver: 00173a, Rev: 172, Date: 2023-08-12 11:12:24 +0400], Instance: 0x004F52F4 (32-bit), Flags: Cmdre0, Thread: 0x3A98 (Main). 

--------------------------------------------------
Стек вызовов:

# 0 0x7544DE70 in C:\Windows\System32\msvcrt.dll: strcmp()
# 1 0x0040127D in D:\Ucheba\C_Progs\Summer_School\Quadratic_Solver\main.exe: __mingw_CRTStartup()
# 2 0x004012A5 in D:\Ucheba\C_Progs\Summer_School\Quadratic_Solver\main.exe: mainCRTStartup()
# 3 0x7761B79B in C:\Windows\SYSTEM32\ntdll.dll: RtlInitializeExceptionChain()
# 4 0x7761B71F in C:\Windows\SYSTEM32\ntdll.dll: RtlClearBits()

--------------------------------------------------
Developed with:

The Dumb Artist Library (TX Library)
TXLib [Ver: 00173a, Rev: 172, Date: 2023-08-12 11:12:24 +0400]
Copyright (C) Ded (Ilya Dedinsky, http://txlib.ru) <mail@txlib.ru>
See license on: http://txlib.ru

TXLib file:	C:\TX\TXLib.h
Compiled:	Aug 23 2023 21:57:22, GNU g++ 4.8.1, std=201103L, MinGW Runtime 3.20, 32-bit, Debug
Started:	Aug 24 2023 02:37:48

Run file:	D:\Ucheba\C_Progs\Summer_School\Quadratic_Solver\main.exe
Directory:	D:\Ucheba\C_Progs\Summer_School\Quadratic_Solver

--------------------------------------------------

--------------------------------------------------
TXLib соболезнует...

Программа: D:\Ucheba\C_Progs\Summer_School\Quadratic_Solver\main.exe,

ВНЕЗАПНО: signal (11, 0x00): SIGSEGV: Доступ по неверному указателю. Ставьте ассерты! 

Нарушение доступа к памяти.

#1: Исключение EXCEPTION_ACCESS_VIOLATION (0xC0000005) при выполнении кода по адресу 0x7544DE70 в функции strcmp(). Попытка прочесть данные по адресу NULL в модуле C:\Windows\System32\msvcrt.dll. Спасибо _txVectoredExceptionHandler(), что сообщил. Люблю его <3

С помощью функции signal() вы можете сами обработать эту ошибку.

#2: TXLib [Ver: 00173a, Rev: 172, Date: 2023-08-12 11:12:24 +0400], Instance: 0x004F52F4 (32-bit), Flags: Cmdre0, Thread: 0x3A98 (Main). 

--------------------------------------------------
Стек вызовов:

# 0 0x7544DE70 in C:\Windows\System32\msvcrt.dll: strcmp()
# 1 0x0040127D in D:\Ucheba\C_Progs\Summer_School\Quadratic_Solver\main.exe: __mingw_CRTStartup()
# 2 0x004012A5 in D:\Ucheba\C_Progs\Summer_School\Quadratic_Solver\main.exe: mainCRTStartup()
# 3 0x7761B79B in C:\Windows\SYSTEM32\ntdll.dll: RtlInitializeExceptionChain()
# 4 0x7761B71F in C:\Windows\SYSTEM32\ntdll.dll: RtlClearBits()

--------------------------------------------------
Developed with:

The Dumb Artist Library (TX Library)
TXLib [Ver: 00173a, Rev: 172, Date: 2023-08-12 11:12:24 +0400]
Copyright (C) Ded (Ilya Dedinsky, http://txlib.ru) <mail@txlib.ru>
See license on: http://txlib.ru

TXLib file:	C:\TX\TXLib.h
Compiled:	Aug 23 2023 21:57:22, GNU g++ 4.8.1, std=201103L, MinGW Runtime 3.20, 32-bit, Debug
Started:	Aug 24 2023 02:37:48

Run file:	D:\Ucheba\C_Progs\Summer_School\Quadratic_Solver\main.exe
Directory:	D:\Ucheba\C_Progs\Summer_School\Quadratic_Solver

--------------------------------------------------

--------------------------------------------------
TXLib соболезнует...

Программа: D:\Ucheba\C_Progs\Summer_School\Quadratic_Solver\main.exe,

ВНЕЗАПНО: signal (22, 0x00): SIGABRT: Аварийное завершение программы, вызвана функция abort(). 

С помощью функции signal() вы можете сами обработать эту ошибку.

#1: TXLib [Ver: 00173a, Rev: 172, Date: 2023-08-12 11:12:24 +0400], Instance: 0x004F62F4 (32-bit), Flags: Cmdre0, Thread: 0x34B0 (Main). 

--------------------------------------------------
Стек вызовов:

# 0 0x0040B5F5 in D:\Ucheba\C_Progs\Summer_School\Quadratic_Solver\main.exe: TX::_txOnSignal()
# 1 0x75418553 in C:\Windows\System32\msvcrt.dll: raise()
# 2 0x7541CA3B in C:\Windows\System32\msvcrt.dll: abort()
# 3 0x754193A7 in C:\Windows\System32\msvcrt.dll: assert()
# 4 0x0041E8E5 in D:\Ucheba\C_Progs\Summer_School\Quadratic_Solver\main.exe: compare_with_zero()
# 5 0x0040178E in D:\Ucheba\C_Progs\Summer_School\Quadratic_Solver\main.exe: check_specific_cases()
# 6 0x004019CE in D:\Ucheba\C_Progs\Summer_School\Quadratic_Solver\main.exe: solve_quadratic_equation()
# 7 0x004014CE in D:\Ucheba\C_Progs\Summer_School\Quadratic_Solver\main.exe: main()

--------------------------------------------------
Developed with:

The Dumb Artist Library (TX Library)
TXLib [Ver: 00173a, Rev: 172, Date: 2023-08-12 11:12:24 +0400]
Copyright (C) Ded (Ilya Dedinsky, http://txlib.ru) <mail@txlib.ru>
See license on: http://txlib.ru

TXLib file:	C:\TX\TXLib.h
Compiled:	Aug 24 2023 16:19:17, GNU g++ 4.8.1, std=201103L, MinGW Runtime 3.20, 32-bit, Debug
Started:	Aug 24 2023 16:19:35

Run file:	D:\Ucheba\C_Progs\Summer_School\Quadratic_Solver\main.exe
Directory:	D:\Ucheba\C_Progs\Summer_School\Quadratic_Solver

--------------------------------------------------

--------------------------------------------------
TXLib предупреждает:

Программа: D:\Ucheba\C_Progs\Summer_School\Quadratic_Solver\main.exe,

ВНЕЗАПНО: Нарушение доступа к памяти.

#1: Исключение EXCEPTION_ACCESS_VIOLATION (0xC0000005) при выполнении кода по адресу 0x7543E6DE в функции ungetwc(). Попытка прочесть данные по адресу 0x0000000B в модуле C:\Windows\System32\msvcrt.dll. Спасибо _txVectoredExceptionHandler(), что сообщил. Люблю его <3

#1: TXLib [Ver: 00173a, Rev: 172, Date: 2023-08-12 11:12:24 +0400], Instance: 0x004F62D4 (32-bit), Flags: Cmdre0, Thread: 0x4218 (Main). 

--------------------------------------------------
Стек вызовов:

# 0 0x7543E6DE in C:\Windows\System32\msvcrt.dll: ungetwc()
# 1 0x75437C0B in C:\Windows\System32\msvcrt.dll: printf()
# 2 0x00401D53 in D:\Ucheba\C_Progs\Summer_School\Quadratic_Solver\main.exe: print_roots()
# 3 0x00401502 in D:\Ucheba\C_Progs\Summer_School\Quadratic_Solver\main.exe: main()

--------------------------------------------------
Developed with:

The Dumb Artist Library (TX Library)
TXLib [Ver: 00173a, Rev: 172, Date: 2023-08-12 11:12:24 +0400]
Copyright (C) Ded (Ilya Dedinsky, http://txlib.ru) <mail@txlib.ru>
See license on: http://txlib.ru

TXLib file:	C:\TX\TXLib.h
Compiled:	Aug 24 2023 16:50:07, GNU g++ 4.8.1, std=201103L, MinGW Runtime 3.20, 32-bit, Debug
Started:	Aug 24 2023 16:50:21

Run file:	D:\Ucheba\C_Progs\Summer_School\Quadratic_Solver\main.exe
Directory:	D:\Ucheba\C_Progs\Summer_School\Quadratic_Solver

--------------------------------------------------

--------------------------------------------------
TXLib соболезнует...

Программа: D:\Ucheba\C_Progs\Summer_School\Quadratic_Solver\main.exe,

ВНЕЗАПНО: signal (11, 0x00): SIGSEGV: Доступ по неверному указателю. Ставьте ассерты! 

Нарушение доступа к памяти.

#1: Исключение EXCEPTION_ACCESS_VIOLATION (0xC0000005) при выполнении кода по адресу 0x7543E6DE в функции ungetwc(). Попытка прочесть данные по адресу 0x0000000B в модуле C:\Windows\System32\msvcrt.dll. Спасибо _txVectoredExceptionHandler(), что сообщил. Люблю его <3

С помощью функции signal() вы можете сами обработать эту ошибку.

#2: TXLib [Ver: 00173a, Rev: 172, Date: 2023-08-12 11:12:24 +0400], Instance: 0x004F62D4 (32-bit), Flags: Cmdre0, Thread: 0x4218 (Main). 

--------------------------------------------------
Стек вызовов:

# 0 0x7543E6DE in C:\Windows\System32\msvcrt.dll: ungetwc()
# 1 0x75437C0B in C:\Windows\System32\msvcrt.dll: printf()
# 2 0x00401D53 in D:\Ucheba\C_Progs\Summer_School\Quadratic_Solver\main.exe: print_roots()
# 3 0x00401502 in D:\Ucheba\C_Progs\Summer_School\Quadratic_Solver\main.exe: main()

--------------------------------------------------
Developed with:

The Dumb Artist Library (TX Library)
TXLib [Ver: 00173a, Rev: 172, Date: 2023-08-12 11:12:24 +0400]
Copyright (C) Ded (Ilya Dedinsky, http://txlib.ru) <mail@txlib.ru>
See license on: http://txlib.ru

TXLib file:	C:\TX\TXLib.h
Compiled:	Aug 24 2023 16:50:07, GNU g++ 4.8.1, std=201103L, MinGW Runtime 3.20, 32-bit, Debug
Started:	Aug 24 2023 16:50:22

Run file:	D:\Ucheba\C_Progs\Summer_School\Quadratic_Solver\main.exe
Directory:	D:\Ucheba\C_Progs\Summer_School\Quadratic_Solver

--------------------------------------------------

--------------------------------------------------
TXLib предупреждает:

Программа: D:\Ucheba\C_Progs\Summer_School\Quadratic_Solver\main.exe,

ВНЕЗАПНО: Нарушение доступа к памяти.

#1: Исключение EXCEPTION_ACCESS_VIOLATION (0xC0000005) при выполнении кода по адресу 0x7543E6DE в функции ungetwc(). Попытка прочесть данные по адресу 0x0000000B в модуле C:\Windows\System32\msvcrt.dll. Спасибо _txVectoredExceptionHandler(), что сообщил. Люблю его <3

#1: TXLib [Ver: 00173a, Rev: 172, Date: 2023-08-12 11:12:24 +0400], Instance: 0x004F62D4 (32-bit), Flags: Cmdre0, Thread: 0x4770 (Main). 

--------------------------------------------------
Стек вызовов:

# 0 0x7543E6DE in C:\Windows\System32\msvcrt.dll: ungetwc()
# 1 0x75437C0B in C:\Windows\System32\msvcrt.dll: printf()
# 2 0x00401D41 in D:\Ucheba\C_Progs\Summer_School\Quadratic_Solver\main.exe: print_roots()
# 3 0x00401502 in D:\Ucheba\C_Progs\Summer_School\Quadratic_Solver\main.exe: main()

--------------------------------------------------
Developed with:

The Dumb Artist Library (TX Library)
TXLib [Ver: 00173a, Rev: 172, Date: 2023-08-12 11:12:24 +0400]
Copyright (C) Ded (Ilya Dedinsky, http://txlib.ru) <mail@txlib.ru>
See license on: http://txlib.ru

TXLib file:	C:\TX\TXLib.h
Compiled:	Aug 24 2023 17:00:32, GNU g++ 4.8.1, std=201103L, MinGW Runtime 3.20, 32-bit, Debug
Started:	Aug 24 2023 17:00:50

Run file:	D:\Ucheba\C_Progs\Summer_School\Quadratic_Solver\main.exe
Directory:	D:\Ucheba\C_Progs\Summer_School\Quadratic_Solver

--------------------------------------------------

--------------------------------------------------
TXLib соболезнует...

Программа: D:\Ucheba\C_Progs\Summer_School\Quadratic_Solver\main.exe,

ВНЕЗАПНО: signal (11, 0x00): SIGSEGV: Доступ по неверному указателю. Ставьте ассерты! 

Нарушение доступа к памяти.

#1: Исключение EXCEPTION_ACCESS_VIOLATION (0xC0000005) при выполнении кода по адресу 0x7543E6DE в функции ungetwc(). Попытка прочесть данные по адресу 0x0000000B в модуле C:\Windows\System32\msvcrt.dll. Спасибо _txVectoredExceptionHandler(), что сообщил. Люблю его <3

С помощью функции signal() вы можете сами обработать эту ошибку.

#2: TXLib [Ver: 00173a, Rev: 172, Date: 2023-08-12 11:12:24 +0400], Instance: 0x004F62D4 (32-bit), Flags: Cmdre0, Thread: 0x4770 (Main). 

--------------------------------------------------
Стек вызовов:

# 0 0x7543E6DE in C:\Windows\System32\msvcrt.dll: ungetwc()
# 1 0x75437C0B in C:\Windows\System32\msvcrt.dll: printf()
# 2 0x00401D41 in D:\Ucheba\C_Progs\Summer_School\Quadratic_Solver\main.exe: print_roots()
# 3 0x00401502 in D:\Ucheba\C_Progs\Summer_School\Quadratic_Solver\main.exe: main()

--------------------------------------------------
Developed with:

The Dumb Artist Library (TX Library)
TXLib [Ver: 00173a, Rev: 172, Date: 2023-08-12 11:12:24 +0400]
Copyright (C) Ded (Ilya Dedinsky, http://txlib.ru) <mail@txlib.ru>
See license on: http://txlib.ru

TXLib file:	C:\TX\TXLib.h
Compiled:	Aug 24 2023 17:00:32, GNU g++ 4.8.1, std=201103L, MinGW Runtime 3.20, 32-bit, Debug
Started:	Aug 24 2023 17:00:50

Run file:	D:\Ucheba\C_Progs\Summer_School\Quadratic_Solver\main.exe
Directory:	D:\Ucheba\C_Progs\Summer_School\Quadratic_Solver

--------------------------------------------------
